This is pdfTeX, Version 3.14159265-2.6-1.40.21 (MiKTeX 2.9.7300) (preloaded format=pdflatex 2020.3.18)  19 MAR 2020 22:01
entering extended mode
**./Message.tex
(Message.tex
LaTeX2e <2020-02-02> patch level 5
L3 programming layer <2020-03-06>
(/usr/local/share/miktex-texmf/tex/latex/base/article.cls
Document Class: article 2019/12/20 v1.4l Standard LaTeX document class
(/usr/local/share/miktex-texmf/tex/latex/base/size12.clo
File: size12.clo 2019/12/20 v1.4l Standard LaTeX file (size option)
)
\c@part=\count167
\c@section=\count168
\c@subsection=\count169
\c@subsubsection=\count170
\c@paragraph=\count171
\c@subparagraph=\count172
\c@figure=\count173
\c@table=\count174
\abovecaptionskip=\skip47
\belowcaptionskip=\skip48
\bibindent=\dimen134
)
(/usr/local/share/miktex-texmf/tex/latex/listings/listings.sty
(/usr/local/share/miktex-texmf/tex/latex/graphics/keyval.sty
Package: keyval 2014/10/28 v1.15 key=value parser (DPC)
\KV@toks@=\toks15
)
\lst@mode=\count175
\lst@gtempboxa=\box45
\lst@token=\toks16
\lst@length=\count176
\lst@currlwidth=\dimen135
\lst@column=\count177
\lst@pos=\count178
\lst@lostspace=\dimen136
\lst@width=\dimen137
\lst@newlines=\count179
\lst@lineno=\count180
\lst@maxwidth=\dimen138

(/usr/local/share/miktex-texmf/tex/latex/listings/lstmisc.sty
File: lstmisc.sty 2019/09/10 1.8c (Carsten Heinz)
\c@lstnumber=\count181
\lst@skipnumbers=\count182
\lst@framebox=\box46
)
(/usr/local/share/miktex-texmf/tex/latex/listings/listings.cfg
File: listings.cfg 2019/09/10 1.8c listings configuration
))
Package: listings 2019/09/10 1.8c (Carsten Heinz)

(/usr/local/share/miktex-texmf/tex/latex/xcolor/xcolor.sty
Package: xcolor 2016/05/11 v2.12 LaTeX color extensions (UK)

(/usr/local/share/miktex-texmf/tex/latex/graphics-cfg/color.cfg
File: color.cfg 2016/01/02 v1.6 sample color configuration
)
Package xcolor Info: Driver file: pdftex.def on input line 225.

(/usr/local/share/miktex-texmf/tex/latex/graphics-def/pdftex.def
File: pdftex.def 2018/01/08 v1.0l Graphics/color driver for pdftex
)
Package xcolor Info: Model `cmy' substituted by `cmy0' on input line 1348.
Package xcolor Info: Model `hsb' substituted by `rgb' on input line 1352.
Package xcolor Info: Model `RGB' extended on input line 1364.
Package xcolor Info: Model `HTML' substituted by `rgb' on input line 1366.
Package xcolor Info: Model `Hsb' substituted by `hsb' on input line 1367.
Package xcolor Info: Model `tHsb' substituted by `hsb' on input line 1368.
Package xcolor Info: Model `HSB' substituted by `hsb' on input line 1369.
Package xcolor Info: Model `Gray' substituted by `gray' on input line 1370.
Package xcolor Info: Model `wave' substituted by `hsb' on input line 1371.
)
(/usr/local/share/miktex-texmf/tex/latex/graphics/graphicx.sty
Package: graphicx 2019/11/30 v1.2a Enhanced LaTeX Graphics (DPC,SPQR)

(/usr/local/share/miktex-texmf/tex/latex/graphics/graphics.sty
Package: graphics 2019/11/30 v1.4a Standard LaTeX Graphics (DPC,SPQR)

(/usr/local/share/miktex-texmf/tex/latex/graphics/trig.sty
Package: trig 2016/01/03 v1.10 sin cos tan (DPC)
)
(/usr/local/share/miktex-texmf/tex/latex/graphics-cfg/graphics.cfg
File: graphics.cfg 2016/06/04 v1.11 sample graphics configuration
)
Package graphics Info: Driver file: pdftex.def on input line 105.
)
\Gin@req@height=\dimen139
\Gin@req@width=\dimen140
)
(/home/tientranthuong/.miktex/texmfs/install/tex/latex/caption/caption.sty
Package: caption 2020/01/03 v3.4h Customizing captions (AR)

(/home/tientranthuong/.miktex/texmfs/install/tex/latex/caption/caption3.sty
Package: caption3 2020/01/03 v1.8h caption3 kernel (AR)
Package caption3 Info: TeX engine: e-TeX on input line 61.
\captionmargin=\dimen141
\captionmargin@=\dimen142
\captionwidth=\dimen143
\caption@tempdima=\dimen144
\caption@indent=\dimen145
\caption@parindent=\dimen146
\caption@hangindent=\dimen147
Package caption Info: Standard document class detected.
)
\c@caption@flags=\count183
\c@continuedfloat=\count184
Package caption Info: listings package is loaded.
)
(/usr/local/share/miktex-texmf/tex/latex/l3backend/l3backend-pdfmode.def
File: l3backend-pdfmode.def 2020-03-12 L3 backend support: PDF mode
\l__kernel_color_stack_int=\count185
\l__pdf_internal_box=\box47
)
(Message.aux)
\openout1 = `Message.aux'.

LaTeX Font Info:    Checking defaults for OML/cmm/m/it on input line 35.
LaTeX Font Info:    ... okay on input line 35.
LaTeX Font Info:    Checking defaults for OMS/cmsy/m/n on input line 35.
LaTeX Font Info:    ... okay on input line 35.
LaTeX Font Info:    Checking defaults for OT1/cmr/m/n on input line 35.
LaTeX Font Info:    ... okay on input line 35.
LaTeX Font Info:    Checking defaults for T1/cmr/m/n on input line 35.
LaTeX Font Info:    ... okay on input line 35.
LaTeX Font Info:    Checking defaults for TS1/cmr/m/n on input line 35.
LaTeX Font Info:    ... okay on input line 35.
LaTeX Font Info:    Checking defaults for OMX/cmex/m/n on input line 35.
LaTeX Font Info:    ... okay on input line 35.
LaTeX Font Info:    Checking defaults for U/cmr/m/n on input line 35.
LaTeX Font Info:    ... okay on input line 35.
\c@lstlisting=\count186

(/usr/local/share/miktex-texmf/tex/context/base/mkii/supp-pdf.mkii
[Loading MPS to PDF converter (version 2006.09.02).]
\scratchcounter=\count187
\scratchdimen=\dimen148
\scratchbox=\box48
\nofMPsegments=\count188
\nofMParguments=\count189
\everyMPshowfont=\toks17
\MPscratchCnt=\count190
\MPscratchDim=\dimen149
\MPnumerator=\count191
\makeMPintoPDFobject=\count192
\everyMPtoPDFconversion=\toks18
) (/usr/local/share/miktex-texmf/tex/latex/epstopdf-pkg/epstopdf-base.sty
Package: epstopdf-base 2020-01-24 v2.11 Base part for package epstopdf
Package epstopdf-base Info: Redefining graphics rule for `.eps' on input line 4
85.
)
Package caption Info: Begin \AtBeginDocument code.
Package caption Info: End \AtBeginDocument code.
LaTeX Font Info:    External font `cmex10' loaded for size
(Font)              <14.4> on input line 36.
LaTeX Font Info:    External font `cmex10' loaded for size
(Font)              <7> on input line 36.

[1

{/home/tientranthuong/.miktex/texmfs/data/pdftex/config/pdftex.map}]
(/usr/local/share/miktex-texmf/tex/latex/listings/lstlang1.sty
File: lstlang1.sty 2019/09/10 1.8c listings language file
)
Underfull \hbox (badness 10000) in paragraph at lines 53--54

 []

LaTeX Font Info:    External font `cmex10' loaded for size
(Font)              <12> on input line 67.
LaTeX Font Info:    External font `cmex10' loaded for size
(Font)              <8> on input line 67.
LaTeX Font Info:    External font `cmex10' loaded for size
(Font)              <6> on input line 67.
<./Image/2020-03-17/1-2020-03-18.png, id=9, 1084.05pt x 722.7pt>
File: ./Image/2020-03-17/1-2020-03-18.png Graphic file (type png)
<use ./Image/2020-03-17/1-2020-03-18.png>
Package pdftex.def Info: ./Image/2020-03-17/1-2020-03-18.png  used on input lin
e 79.
(pdftex.def)             Requested size: 271.01184pt x 166.44821pt.
[2]
<./Image/2020-03-17/9-2020-03-18.png, id=17, 1084.05pt x 722.7pt>
File: ./Image/2020-03-17/9-2020-03-18.png Graphic file (type png)
<use ./Image/2020-03-17/9-2020-03-18.png>
Package pdftex.def Info: ./Image/2020-03-17/9-2020-03-18.png  used on input lin
e 81.
(pdftex.def)             Requested size: 271.01184pt x 166.44821pt.
<./Image/2020-03-17/14-2020-03-18.png, id=19, 1084.05pt x 722.7pt>
File: ./Image/2020-03-17/14-2020-03-18.png Graphic file (type png)
<use ./Image/2020-03-17/14-2020-03-18.png>
Package pdftex.def Info: ./Image/2020-03-17/14-2020-03-18.png  used on input li
ne 83.
(pdftex.def)             Requested size: 271.01184pt x 166.44821pt.

Overfull \hbox (15.62773pt too wide) in paragraph at lines 87--88
[]\OT1/cmr/m/n/12 Afin de reduire cet Overfitting, nous allons essayer de red
uire plus rapidement
 []

[3 <./Image/2020-03-17/1-2020-03-18.png> <./Image/2020-03-17/9-2020-03-18.png> 
<./Image/2020-03-17/14-2020-03-18.png>] [4]
Overfull \hbox (18.8828pt too wide) in paragraph at lines 93--94
\OT1/cmr/m/n/12 modele d'acquerir des resultats plus convaincants. Le temps 
total d'apprentissage
 []


Overfull \hbox (4.45702pt too wide) in paragraph at lines 98--99
[]\OT1/cmr/m/n/12 Ordre d'action (Achat, Vente, Attendre) soit sous forme de cl
assification,
 []

[5] (Message.aux) ) 
Here is how much of TeX's memory you used:
 4525 strings out of 482862
 65911 string characters out of 2953363
 515939 words of memory out of 3000000
 20157 multiletter control sequences out of 15000+200000
 538172 words of font info for 44 fonts, out of 3000000 for 9000
 0 hyphenation exceptions out of 8191
 41i,7n,42p,509b,1327s stack positions out of 5000i,500n,10000p,200000b,50000s
 </home/tientranthuong/.miktex/texmfs/data/fonts/pk/ljfour/j
knappen/ec/dpi600/tcrm1200.pk></usr/local/share/miktex-texmf/fonts/type1/public
/amsfonts/cm/cmbx12.pfb></usr/local/share/miktex-texmf/fonts/type1/public/amsfo
nts/cm/cmr12.pfb></usr/local/share/miktex-texmf/fonts/type1/public/amsfonts/cm/
cmr17.pfb></usr/local/share/miktex-texmf/fonts/type1/public/amsfonts/cm/cmr6.pf
b></usr/local/share/miktex-texmf/fonts/type1/public/amsfonts/cm/cmtt10.pfb>
Output written on Message.pdf (5 pages, 562802 bytes).
PDF statistics:
 56 PDF objects out of 1000 (max. 8388607)
 0 named destinations out of 1000 (max. 500000)
 34 words of extra memory for PDF output out of 10000 (max. 10000000)

